<?xml version="1.0" encoding="UTF-8"?>
<!-- Generated by org.testng.reporters.JUnitReportReporter -->
<testsuite hostname="MANISHAraneFeb2019" name="test.com.LoginPageTest" tests="2" failures="0" timestamp="2 Mar 2019 22:52:09 GMT" time="0.004" errors="0">
  <testcase name="testPassword" time="0.003" classname="test.com.LoginPageTest"/>
  <testcase name="testUsername" time="0.001" classname="test.com.LoginPageTest"/>
</testsuite> <!-- test.com.LoginPageTest -->
