<?xml version="1.0" encoding="UTF-8"?>
<!-- Generated by org.testng.reporters.JUnitReportReporter -->
<testsuite skipped="0" hostname="MANISHAraneFeb2019" name="test.com.CarTest" tests="1" failures="0" timestamp="16 Mar 2019 20:22:09 GMT" time="0.004" errors="0">
  <testcase name="validateModel" time="0.004" classname="test.com.CarTest"/>
</testsuite> <!-- test.com.CarTest -->
